Arguments: 
  /Users/ruyunfeng/.nvm/versions/node/v12.5.0/bin/node /Users/ruyunfeng/.nvm/versions/node/v12.5.0/bin/yarn add babel-plugin-sysyntax-dynamic-import -D

PATH: 
  /Users/ruyunfeng/.nvm/versions/node/v12.5.0/bin:/usr/local/bin:/usr/bin:/bin:/usr/sbin:/sbin

Yarn version: 
  1.22.4

Node version: 
  12.5.0

Platform: 
  darwin x64

Trace: 
  Error: https://registry.npm.taobao.org/babel-plugin-sysyntax-dynamic-import: Not found
      at Request.params.callback [as _callback] (/Users/ruyunfeng/.nvm/versions/node/v12.5.0/lib/node_modules/yarn/lib/cli.js:66987:18)
      at Request.self.callback (/Users/ruyunfeng/.nvm/versions/node/v12.5.0/lib/node_modules/yarn/lib/cli.js:140748:22)
      at Request.emit (events.js:200:13)
      at Request.<anonymous> (/Users/ruyunfeng/.nvm/versions/node/v12.5.0/lib/node_modules/yarn/lib/cli.js:141720:10)
      at Request.emit (events.js:200:13)
      at IncomingMessage.<anonymous> (/Users/ruyunfeng/.nvm/versions/node/v12.5.0/lib/node_modules/yarn/lib/cli.js:141642:12)
      at Object.onceWrapper (events.js:288:20)
      at IncomingMessage.emit (events.js:205:15)
      at endReadableNT (_stream_readable.js:1154:12)
      at processTicksAndRejections (internal/process/task_queues.js:74:11)

npm manifest: 
  {
    "name": "vue-demo",
    "version": "1.0.0",
    "description": "",
    "main": "index.js",
    "scripts": {
      "test": "echo \"Error: no test specified\" && exit 1",
      "build:client": "cross-env NODE_ENV=production webpack --config build/webpack.config.client.js",
      "build": "npm run clean && npm run build:client",
      "practice": "cross-env NODE_ENV=development webpack-dev-server --config build/webpack.config.practice.js",
      "clean": "rimraf dist",
      "lint": "eslint --ext .js --ext .jsx --ext .vue client/",
      "lint-fix": "eslint --fix --ext .js --ext .jsx --ext .vue client/",
      "precommit": "npm run lint-fix",
      "dev": "cross-env NODE_ENV=development webpack-dev-server --config build/webpack.config.client.js"
    },
    "keywords": [],
    "author": "",
    "license": "ISC",
    "dependencies": {
      "router": "^1.3.5",
      "vue": "^2.6.11",
      "vue-router": "^3.3.4"
    },
    "devDependencies": {
      "@babel/core": "^7.9.0",
      "autoprefixer": "^9.7.6",
      "babel-core": "^6.26.3",
      "babel-eslint": "^10.1.0",
      "babel-helper-vue-jsx-merge-props": "^2.0.3",
      "babel-loader": "^8.1.0",
      "babel-plugin-syntax-jsx": "^6.18.0",
      "babel-plugin-transform-vue-jsx": "^3.7.0",
      "babel-preset-env": "^1.7.0",
      "cross-env": "^7.0.2",
      "css-loader": "^3.6.0",
      "eslint": "^7.2.0",
      "eslint-config-standard": "^14.1.1",
      "eslint-loader": "^4.0.2",
      "eslint-plugin-html": "^6.0.2",
      "eslint-plugin-import": "^2.21.2",
      "eslint-plugin-node": "^11.1.0",
      "eslint-plugin-promise": "^4.2.1",
      "eslint-plugin-standard": "^4.0.1",
      "eslint-plugin-vue": "^6.2.2",
      "extract-text-webpack-plugin": "^4.0.0-beta.0",
      "file-loader": "^5.1.0",
      "html-loader": "^0.5.5",
      "html-webpack-plugin": "^3.2.0",
      "html-withimg-loader": "^0.1.16",
      "husky": "^4.2.5",
      "less": "^3.11.1",
      "less-loader": "^5.0.0",
      "mini-css-extract-plugin": "^0.9.0",
      "postcss-loader": "^3.0.0",
      "raw-loader": "^4.0.0",
      "rimraf": "^3.0.2",
      "router": "^1.3.5",
      "style-loader": "^1.1.2",
      "vue-loader": "^15.9.1",
      "vue-router": "^3.3.4",
      "vue-style-loader": "^4.1.2",
      "vue-template-compiler": "^2.6.11",
      "webpack": "^4.41.5",
      "webpack-cli": "^3.3.10",
      "webpack-dev-server": "^3.10.1",
      "webpack-merge": "^4.2.2"
    }
  }

yarn manifest: 
  No manifest

Lockfile: 
  No lockfile
